<?xml version="1.0" encoding="UTF-8"?>
<!-- Generated by org.testng.reporters.JUnitReportReporter -->
<testsuite hostname="DESKTOP-2KV8AU7" failures="0" tests="1" name="testngpkg.TestlogoRediff" time="6.031" errors="0" timestamp="2023-11-13T13:13:39 IST" skipped="0">
  <testcase classname="testngpkg.TestlogoRediff" name="test" time="6.031"/>
  <system-out/>
</testsuite> <!-- testngpkg.TestlogoRediff -->
