<?xml version="1.0" encoding="UTF-8"?>
<!-- Generated by org.testng.reporters.JUnitReportReporter -->
<testsuite hostname="DESKTOP-2KV8AU7" failures="0" tests="1" name="testngpkg.Ebaymousehover" time="3.211" errors="0" timestamp="2023-11-15T12:12:14 IST" skipped="0">
  <testcase classname="testngpkg.Ebaymousehover" name="test" time="3.211"/>
  <system-out/>
</testsuite> <!-- testngpkg.Ebaymousehover -->
