<?xml version="1.0" encoding="UTF-8"?>
<!-- Generated by org.testng.reporters.JUnitReportReporter -->
<testsuite hostname="DESKTOP-2KV8AU7" failures="0" tests="1" name="testpkgPOM.FbloginTest" time="0.350" errors="0" timestamp="2023-11-29T11:31:56 IST" skipped="0">
  <testcase classname="testpkgPOM.FbloginTest" name="testlogin" time="0.350"/>
  <system-out/>
</testsuite> <!-- testpkgPOM.FbloginTest -->
