<?xml version="1.0" encoding="UTF-8"?>
<!-- Generated by org.testng.reporters.JUnitReportReporter -->
<testsuite hostname="DESKTOP-2KV8AU7" failures="0" tests="1" name="testngpkg.Datepickerpgm" time="1.549" errors="0" timestamp="2023-11-30T14:26:54 IST" skipped="0">
  <testcase classname="testngpkg.Datepickerpgm" name="datepickertest" time="1.549"/>
  <system-out/>
</testsuite> <!-- testngpkg.Datepickerpgm -->
