<?xml version="1.0" encoding="UTF-8"?>
<!-- Generated by org.testng.reporters.JUnitReportReporter -->
<testsuite hostname="DESKTOP-2KV8AU7" failures="0" tests="2" name="testngpkg.Parameterisationpgm" time="0.016" errors="0" timestamp="2023-11-13T12:10:18 IST" skipped="0">
  <testcase classname="testngpkg.Parameterisationpgm" name="test2" time="0.003"/>
  <system-out/>
  <testcase classname="testngpkg.Parameterisationpgm" name="test" time="0.013"/>
  <system-out/>
</testsuite> <!-- testngpkg.Parameterisationpgm -->
