<?xml version="1.0" encoding="UTF-8"?>
<!-- Generated by org.testng.reporters.JUnitReportReporter -->
<testsuite hostname="DESKTOP-2KV8AU7" failures="0" tests="2" name="testngpkg.Automationexercise" time="12.744" errors="0" timestamp="2023-11-17T18:39:16 IST" skipped="1">
  <testcase classname="testngpkg.Automationexercise" name="test2" time="12.744"/>
  <system-out/>
  <testcase classname="testngpkg.Automationexercise" name="test">
    <skipped/>
  </testcase> <!-- test -->
  <system-out/>
</testsuite> <!-- testngpkg.Automationexercise -->
