<?xml version="1.0" encoding="UTF-8"?>
<!-- Generated by org.testng.reporters.JUnitReportReporter -->
<testsuite hostname="DESKTOP-2KV8AU7" failures="0" tests="1" name="testngpkg.FileuploadWithRobotclass" time="7.850" errors="0" timestamp="2023-11-17T12:41:31 IST" skipped="0">
  <testcase classname="testngpkg.FileuploadWithRobotclass" name="fileuploadpgm" time="7.850"/>
  <system-out/>
</testsuite> <!-- testngpkg.FileuploadWithRobotclass -->
