<?xml version="1.0" encoding="UTF-8"?>
<!-- Generated by org.testng.reporters.JUnitReportReporter -->
<testsuite hostname="DESKTOP-2KV8AU7" failures="0" tests="4" name="testngpkg.TestngDemo" time="85.432" errors="0" timestamp="2023-11-10T13:10:24 IST" skipped="1">
  <testcase classname="testngpkg.TestngDemo" name="test2" time="28.659"/>
  <system-out/>
  <testcase classname="testngpkg.TestngDemo" name="test2" time="46.560"/>
  <system-out/>
  <testcase classname="testngpkg.TestngDemo" name="test1" time="10.213"/>
  <system-out/>
  <testcase classname="testngpkg.TestngDemo" name="test3">
    <skipped/>
  </testcase> <!-- test3 -->
  <system-out/>
</testsuite> <!-- testngpkg.TestngDemo -->
