<?xml version="1.0" encoding="UTF-8"?>
<!-- Generated by org.testng.reporters.JUnitReportReporter -->
<testsuite hostname="DESKTOP-2KV8AU7" failures="0" tests="1" name="testngpkg.FacebookloginusingXML" time="7.346" errors="0" timestamp="2023-11-13T12:33:15 IST" skipped="0">
  <testcase classname="testngpkg.FacebookloginusingXML" name="login" time="7.346"/>
  <system-out/>
</testsuite> <!-- testngpkg.FacebookloginusingXML -->
