<?xml version="1.0" encoding="UTF-8"?>
<!-- Generated by org.testng.reporters.JUnitReportReporter -->
<testsuite hostname="DESKTOP-2KV8AU7" failures="0" tests="1" name="testngpkg.Copypastepgm" time="0.934" errors="0" timestamp="2023-11-14T12:00:55 IST" skipped="0">
  <testcase classname="testngpkg.Copypastepgm" name="test" time="0.934"/>
  <system-out/>
</testsuite> <!-- testngpkg.Copypastepgm -->
