<?xml version="1.0" encoding="UTF-8"?>
<!-- Generated by org.testng.reporters.JUnitReportReporter -->
<testsuite hostname="DESKTOP-2KV8AU7" failures="0" tests="4" name="testngpkg.GroupingTestNG" time="0.080" errors="0" timestamp="2023-11-13T11:40:37 IST" skipped="0">
  <testcase classname="testngpkg.GroupingTestNG" name="test5" time="0.002"/>
  <system-out/>
  <testcase classname="testngpkg.GroupingTestNG" name="test3" time="0.004"/>
  <system-out/>
  <testcase classname="testngpkg.GroupingTestNG" name="test4" time="0.006"/>
  <system-out/>
  <testcase classname="testngpkg.GroupingTestNG" name="test1" time="0.068"/>
  <system-out/>
</testsuite> <!-- testngpkg.GroupingTestNG -->
