<?xml version="1.0" encoding="UTF-8"?>
<!-- Generated by org.testng.reporters.JUnitReportReporter -->
<testsuite hostname="DESKTOP-2KV8AU7" failures="0" tests="1" name="testngpkg.Dragandroppgm" time="1.625" errors="0" timestamp="2023-11-14T13:00:21 IST" skipped="0">
  <testcase classname="testngpkg.Dragandroppgm" name="test" time="1.625"/>
  <system-out/>
</testsuite> <!-- testngpkg.Dragandroppgm -->
