<?xml version="1.0" encoding="UTF-8"?>
<!-- Generated by org.testng.reporters.JUnitReportReporter -->
<testsuite hostname="DESKTOP-2KV8AU7" failures="0" tests="1" name="testngpkg.Windowhandler" time="11.451" errors="0" timestamp="2023-11-23T11:53:40 IST" skipped="0">
  <testcase classname="testngpkg.Windowhandler" name="test" time="11.451"/>
  <system-out/>
</testsuite> <!-- testngpkg.Windowhandler -->
