<?xml version="1.0" encoding="UTF-8"?>
<!-- Generated by org.testng.reporters.JUnitReportReporter -->
<testsuite hostname="DESKTOP-2KV8AU7" failures="0" tests="1" name="testpkgPOM.AmazonCartTestPOM" time="64.699" errors="0" timestamp="2023-11-29T12:05:25 IST" skipped="0">
  <testcase classname="testpkgPOM.AmazonCartTestPOM" name="test" time="64.699"/>
  <system-out/>
</testsuite> <!-- testpkgPOM.AmazonCartTestPOM -->
